2811734
2857153
1755821
8225171
5771737
1251171
7817311
1172122
1127223
1217588
1311815
3175817
1131112
2187388
1717352
5311185
2375135
8181312
1271733
5717738
1811182
3377881
7321115
2177357
210120083511
111030511122
121200080100
220511115380
388110115180
511011532320
515510220303
301210111012
150123811000
000001302251
213010812821
000212181122
051330112130
032001351052
150121801380
810313013210
313350528032
500081100010
301800105851
521820502212
802003002105
010222532810
201322010110
108188101010
